<?xml version="1.0" encoding="UTF-8"?>
<!-- Generated by org.testng.reporters.JUnitXMLReporter -->
<testsuite ignored="5" hostname="Neethi" failures="0" tests="1" name="Default test" time="13.838" errors="0" timestamp="2022-08-03T18:39:48 IST">
  <testcase classname="executeClass.ExecuteManageProduct" name="verifyUserCanNavigateToLastPageWhenClickedOnLast" time="4.092"/>
  <testcase classname="executeClass.ExecuteManageProduct" name="verifyTheUserIsAbleToAddNewList" time="0.0">
    <ignored/>
  </testcase> <!-- verifyTheUserIsAbleToAddNewList -->
  <testcase classname="executeClass.ExecuteManageProduct" name="verifyWhenClickedOnManageProductsListProductsIsDisplayed" time="0.0">
    <ignored/>
  </testcase> <!-- verifyWhenClickedOnManageProductsListProductsIsDisplayed -->
  <testcase classname="executeClass.ExecuteManageProduct" name="verifyResetIsWorkingOrNot" time="0.0">
    <ignored/>
  </testcase> <!-- verifyResetIsWorkingOrNot -->
  <testcase classname="executeClass.ExecuteManageProduct" name="verifyTheUserCanDeleteCreatedProductOrNot" time="0.0">
    <ignored/>
  </testcase> <!-- verifyTheUserCanDeleteCreatedProductOrNot -->
  <testcase classname="executeClass.ExecuteManageProduct" name="verifyUserCanSearchProductUsingProductName" time="0.0">
    <ignored/>
  </testcase> <!-- verifyUserCanSearchProductUsingProductName -->
</testsuite> <!-- Default test -->
