<?xml version="1.0" encoding="UTF-8"?>
<!-- Generated by org.testng.reporters.JUnitXMLReporter -->
<testsuite ignored="0" hostname="Neethi" failures="0" tests="33" name="Chrome Browser Test" time="509.726" errors="0" timestamp="2022-08-05T19:48:10 IST">
  <testcase classname="executeClass.ExecuteLoginPage" name="isHomePageDisplayedWhileLogin" time="5.399"/>
  <testcase classname="executeClass.ExecuteDashBoardPage" name="verifyDashBoardIsVisibleAfterLoginOrNot" time="13.766"/>
  <testcase classname="executeClass.ExecuteDashBoardPage" name="verifyListPagesIsDisplayedWhenClickedOnManagePagesMoreInfo" time="2.176"/>
  <testcase classname="executeClass.ExecuteLoginPage" name="verifyLoginPageIsVisibleWhileLaunchingTheApplication" time="0.01"/>
  <testcase classname="executeClass.ExecuteDashBoardPage" name="verifyManageTileIsPresentOrNot" time="1.129"/>
  <testcase classname="executeClass.ExecuteLoginPage" name="verifyRememberMeCheckboxIsSelectedOrNot" time="0.818"/>
  <testcase classname="executeClass.ExecuteLoginPage" name="verifySuccessfullLoginWithValidUsernameAndPassword" time="5.354"/>
  <testcase classname="executeClass.ExecuteManageOrdersPage" name="verifyTheAdminCanSearchAnOrderByUsingOrderId" time="4.211"/>
  <testcase classname="executeClass.ExecuteManageOrdersPage" name="verifyTheAdminCanViewTheOrderDetailsOfSearchedOrder" time="3.662"/>
  <testcase classname="executeClass.ExecuteLoginPage" name="verifyUnsuccessfullLogin" time="0.499"/>
  <testcase classname="executeClass.ExecuteLoginPage" name="verifyUnsuccessfullLogin" time="0.617"/>
  <testcase classname="executeClass.ExecuteLoginPage" name="verifyUnsuccessfullLogin" time="0.516"/>
  <testcase classname="executeClass.ExecuteManageExpensePage" name="verifyExpenseCategoryListIsDisplayedWhenClickedOnExpenseCategory" time="1.908"/>
  <testcase classname="executeClass.ExecuteManageUsersPage" name="verifyListUsersPageIsDisplayedWhenClickedOnManageUsersPage" time="2.123"/>
  <testcase classname="executeClass.ExecuteVerifyUsersPage" name="verifyListUsersPageIsDisplayedWhenClickedOnVerifyUsersPage" time="1.273"/>
  <testcase classname="executeClass.ExecutePushNotificationPage" name="verifyPushNotificationPageIsDisplayedWhenClickedOnPushNotification" time="1.956"/>
  <testcase classname="executeClass.ExecuteManageProduct" name="verifyWhenClickedOnManageProductsListProductsIsDisplayed" time="1.674"/>
  <testcase classname="executeClass.ExecutePushNotificationPage" name="verifyAdminCanSendNotificationSuccessfullyOrNot" time="3.887"/>
  <testcase classname="executeClass.ExecuteManageExpensePage" name="verifyTheAdminCanCreateNewExpenseCategory" time="10.864"/>
  <testcase classname="executeClass.ExecuteManageProduct" name="verifyTheUserIsAbleToAddNewList" time="31.869"/>
  <testcase classname="executeClass.ExecuteManageUsersPage" name="verifyUserCanPerformSearchUsingName" time="2.994"/>
  <testcase classname="executeClass.ExecuteVerifyUsersPage" name="verifyUserCanSearchUsingName" time="5.034"/>
  <testcase classname="executeClass.ExecutePushNotificationPage" name="verifyResetButtonIsVisibleOrNot" time="1.195"/>
  <testcase classname="executeClass.ExecuteManageExpensePage" name="verifyTheAdminCanSearchNewlyCreatedExpenseCategory" time="1.757"/>
  <testcase classname="executeClass.ExecuteManageUsersPage" name="verifyUserCanPerformSearchUsingEmail" time="3.409"/>
  <testcase classname="executeClass.ExecuteManageProduct" name="verifyUserCanSearchProductUsingProductName" time="2.569"/>
  <testcase classname="executeClass.ExecuteVerifyUsersPage" name="verifyUserCanSearchUsingPhoneNumber" time="1.952"/>
  <testcase classname="executeClass.ExecuteManageUsersPage" name="verifyTheAdminCanChangeTheStatusOfAnyUser" time="1.523"/>
  <testcase classname="executeClass.ExecuteManageExpensePage" name="verifyTheAdminCanEditTheNewlyCreatedExpenseCategory" time="2.772"/>
  <testcase classname="executeClass.ExecuteManageProduct" name="verifyTheUserCanDeleteCreatedProductOrNot" time="4.399"/>
  <testcase classname="executeClass.ExecuteManageProduct" name="verifyResetIsWorkingOrNot" time="2.532"/>
  <testcase classname="executeClass.ExecuteManageExpensePage" name="verifyTheAdminCanDeleteTheCreatedExpenseCategory" time="1.965"/>
  <testcase classname="executeClass.ExecuteManageProduct" name="verifyUserCanNavigateToLastPageWhenClickedOnLast" time="2.949"/>
</testsuite> <!-- Chrome Browser Test -->
