<?xml version="1.0" encoding="UTF-8"?>
<!-- Generated by org.testng.reporters.JUnitXMLReporter -->
<testsuite ignored="0" hostname="Neethi" failures="0" tests="33" name="Edge Browser Test" time="720.554" errors="0" timestamp="2022-08-05T20:01:43 IST">
  <testcase classname="executeClass.ExecuteLoginPage" name="isHomePageDisplayedWhileLogin" time="5.122"/>
  <testcase classname="executeClass.ExecuteDashBoardPage" name="verifyDashBoardIsVisibleAfterLoginOrNot" time="5.743"/>
  <testcase classname="executeClass.ExecuteDashBoardPage" name="verifyListPagesIsDisplayedWhenClickedOnManagePagesMoreInfo" time="3.407"/>
  <testcase classname="executeClass.ExecuteLoginPage" name="verifyLoginPageIsVisibleWhileLaunchingTheApplication" time="0.026"/>
  <testcase classname="executeClass.ExecuteDashBoardPage" name="verifyManageTileIsPresentOrNot" time="1.345"/>
  <testcase classname="executeClass.ExecuteLoginPage" name="verifyRememberMeCheckboxIsSelectedOrNot" time="0.048"/>
  <testcase classname="executeClass.ExecuteLoginPage" name="verifySuccessfullLoginWithValidUsernameAndPassword" time="3.972"/>
  <testcase classname="executeClass.ExecuteManageOrdersPage" name="verifyTheAdminCanSearchAnOrderByUsingOrderId" time="7.08"/>
  <testcase classname="executeClass.ExecuteManageOrdersPage" name="verifyTheAdminCanViewTheOrderDetailsOfSearchedOrder" time="3.851"/>
  <testcase classname="executeClass.ExecuteLoginPage" name="verifyUnsuccessfullLogin" time="0.604"/>
  <testcase classname="executeClass.ExecuteLoginPage" name="verifyUnsuccessfullLogin" time="0.677"/>
  <testcase classname="executeClass.ExecuteLoginPage" name="verifyUnsuccessfullLogin" time="0.607"/>
  <testcase classname="executeClass.ExecuteManageExpensePage" name="verifyExpenseCategoryListIsDisplayedWhenClickedOnExpenseCategory" time="3.268"/>
  <testcase classname="executeClass.ExecuteManageUsersPage" name="verifyListUsersPageIsDisplayedWhenClickedOnManageUsersPage" time="1.637"/>
  <testcase classname="executeClass.ExecuteVerifyUsersPage" name="verifyListUsersPageIsDisplayedWhenClickedOnVerifyUsersPage" time="1.899"/>
  <testcase classname="executeClass.ExecutePushNotificationPage" name="verifyPushNotificationPageIsDisplayedWhenClickedOnPushNotification" time="1.687"/>
  <testcase classname="executeClass.ExecuteManageProduct" name="verifyWhenClickedOnManageProductsListProductsIsDisplayed" time="2.847"/>
  <testcase classname="executeClass.ExecutePushNotificationPage" name="verifyAdminCanSendNotificationSuccessfullyOrNot" time="4.661"/>
  <testcase classname="executeClass.ExecuteManageExpensePage" name="verifyTheAdminCanCreateNewExpenseCategory" time="4.088"/>
  <testcase classname="executeClass.ExecuteManageProduct" name="verifyTheUserIsAbleToAddNewList" time="18.813"/>
  <testcase classname="executeClass.ExecuteManageUsersPage" name="verifyUserCanPerformSearchUsingName" time="2.528"/>
  <testcase classname="executeClass.ExecuteVerifyUsersPage" name="verifyUserCanSearchUsingName" time="2.603"/>
  <testcase classname="executeClass.ExecutePushNotificationPage" name="verifyResetButtonIsVisibleOrNot" time="1.434"/>
  <testcase classname="executeClass.ExecuteManageExpensePage" name="verifyTheAdminCanSearchNewlyCreatedExpenseCategory" time="2.015"/>
  <testcase classname="executeClass.ExecuteManageUsersPage" name="verifyUserCanPerformSearchUsingEmail" time="2.602"/>
  <testcase classname="executeClass.ExecuteManageProduct" name="verifyUserCanSearchProductUsingProductName" time="2.173"/>
  <testcase classname="executeClass.ExecuteVerifyUsersPage" name="verifyUserCanSearchUsingPhoneNumber" time="3.392"/>
  <testcase classname="executeClass.ExecuteManageUsersPage" name="verifyTheAdminCanChangeTheStatusOfAnyUser" time="1.916"/>
  <testcase classname="executeClass.ExecuteManageExpensePage" name="verifyTheAdminCanEditTheNewlyCreatedExpenseCategory" time="3.308"/>
  <testcase classname="executeClass.ExecuteManageProduct" name="verifyTheUserCanDeleteCreatedProductOrNot" time="3.25"/>
  <testcase classname="executeClass.ExecuteManageProduct" name="verifyResetIsWorkingOrNot" time="4.889"/>
  <testcase classname="executeClass.ExecuteManageExpensePage" name="verifyTheAdminCanDeleteTheCreatedExpenseCategory" time="2.509"/>
  <testcase classname="executeClass.ExecuteManageProduct" name="verifyUserCanNavigateToLastPageWhenClickedOnLast" time="7.058"/>
</testsuite> <!-- Edge Browser Test -->
