<?xml version="1.0" encoding="UTF-8"?>
<testng-results ignored="5" total="6" passed="1" failed="0" skipped="0">
  <reporter-output>
  </reporter-output>
  <suite started-at="2022-08-03T18:39:34 IST" name="Default suite" finished-at="2022-08-03T18:39:48 IST" duration-ms="13838">
    <groups>
    </groups>
    <test started-at="2022-08-03T18:39:34 IST" name="Default test" finished-at="2022-08-03T18:39:48 IST" duration-ms="13838">
      <class name="executeClass.ExecuteManageProduct">
        <test-method is-config="true" signature="beforeMethod()[pri:0, instance:executeClass.ExecuteManageProduct@478190fc]" started-at="2022-08-03T18:39:34 IST" name="beforeMethod" finished-at="2022-08-03T18:39:44 IST" duration-ms="9501" status="PASS">
          <reporter-output>
          </reporter-output>
        </test-method> <!-- beforeMethod -->
        <test-method signature="verifyUserCanNavigateToLastPageWhenClickedOnLast()[pri:6, instance:executeClass.ExecuteManageProduct@478190fc]" started-at="2022-08-03T18:39:44 IST" name="verifyUserCanNavigateToLastPageWhenClickedOnLast" finished-at="2022-08-03T18:39:48 IST" duration-ms="4092" status="PASS">
          <reporter-output>
          </reporter-output>
        </test-method> <!-- verifyUserCanNavigateToLastPageWhenClickedOnLast -->
        <test-method is-config="true" signature="afterMethod()[pri:0, instance:executeClass.ExecuteManageProduct@478190fc]" started-at="2022-08-03T18:39:48 IST" name="afterMethod" finished-at="2022-08-03T18:39:48 IST" duration-ms="180" status="PASS">
          <reporter-output>
          </reporter-output>
        </test-method> <!-- afterMethod -->
      </class> <!-- executeClass.ExecuteManageProduct -->
    </test> <!-- Default test -->
  </suite> <!-- Default suite -->
</testng-results>
